
> @repo/prisma@0.0.0 build C:\Users\med_i\OneDrive\Bureau\turbo\packages\prisma
> prisma generate

Prisma schema loaded from schema.prisma

✔ Generated Prisma Client (v5.8.0) to .\..\..\node_modules\.pnpm\@prisma+client@5.8.0_prisma@5.8.0\node_modules\@prisma\client in 350ms

Start using Prisma Client in Node.js (See: https://pris.ly/d/client)
```
import { PrismaClient } from '@prisma/client'
const prisma = new PrismaClient()
```
or start using Prisma Client at the edge (See: https://pris.ly/d/accelerate)
```
import { PrismaClient } from '@prisma/client/edge'
const prisma = new PrismaClient()
```

See other ways of importing Prisma Client: http://pris.ly/d/importing-client

┌─────────────────────────────────────────────────────────────┐
│  Deploying your app to serverless or edge functions?        │
│  Try Prisma Accelerate for connection pooling and caching.  │
│  https://pris.ly/cli/accelerate                             │
└─────────────────────────────────────────────────────────────┘

