
> docs@1.0.0 build C:\Users\med_i\OneDrive\Bureau\turbo\apps\docs
> next build

   ▲ Next.js 14.0.4

   Creating an optimized production build ...
 ✓ Compiled successfully
   Linting and checking validity of types ...

./src/app/api/trpc/[trpc]/route.ts
4:32  Warning: Missing return type on function.  @typescript-eslint/explicit-function-return-type

./src/app/page.tsx
5:16  Warning: Missing return type on function.  @typescript-eslint/explicit-function-return-type

info  - Need to disable some ESLint rules? Learn more here: https://nextjs.org/docs/basic-features/eslint#disabling-rules
   Collecting page data ...
   Generating static pages (0/7) ...
   Generating static pages (1/7) 
   Generating static pages (3/7) 
   Generating static pages (5/7) 
 ✓ Generating static pages (7/7) 
   Finalizing page optimization ...
   Collecting build traces ...

Route (app)                              Size     First Load JS
┌ ○ /                                    386 B          98.1 kB
├ ○ /_not-found                          874 B          82.8 kB
├ λ /api/trpc/[trpc]                     0 B                0 B
├ ○ /clients                             140 B          82.1 kB
└ ○ /products                            141 B          82.1 kB
+ First Load JS shared by all            81.9 kB
  ├ chunks/0d9284fb-ca2bf7fb0e9ef515.js  53.3 kB
  ├ chunks/275-835a8060fd145d0c.js       26.7 kB
  ├ chunks/main-app-5afdbc8da9f27e8a.js  221 B
  └ chunks/webpack-54276f28e62f5dfb.js   1.74 kB


○  (Static)   prerendered as static content
λ  (Dynamic)  server-rendered on demand using Node.js

