
> web@1.0.0 build C:\Users\med_i\OneDrive\Bureau\turbo\apps\web
> next build

   ▲ Next.js 14.0.4

   Creating an optimized production build ...
request to https://fonts.gstatic.com/s/inter/v13/UcC73FwrK3iLTeHuS_fvQtMwCp50KnMa2pL7W0Q5n-wU.woff2 failed, reason: socket hang up

Retrying 1/3...
 ✓ Compiled successfully
   Linting and checking validity of types ...
 ⨯ ESLint: .eslintrc.js: 	Configuration for rule "@typescript-eslint/no-unsafe-assignment" is invalid: 	Severity should be one of the following: 0 = off, 1 = warn, 2 = error (you passed '"false"'). 
Failed to compile.

./src/actions/addToWaittingList.ts:8:60
Type error: Type 'Product[]' is not assignable to type '{ code: string; quantity: number; price: number; total: number; pvht: number; total_pvht: number; code_interne: string; libelle: string; famille_code: number | null; tva_code: number | null; ... 4 more ...; updatedAt?: Date | undefined; }[]'.
  Type 'Product' is missing the following properties from type '{ code: string; quantity: number; price: number; total: number; pvht: number; total_pvht: number; code_interne: string; libelle: string; famille_code: number | null; tva_code: number | null; ... 4 more ...; updatedAt?: Date | undefined; }': code, quantity, price, total, and 7 more.

[0m [90m  6 |[39m [36mexport[39m [36masync[39m [36mfunction[39m addToWaittingList(total[33m:[39m number[33m,[39m products[33m:[39m [33mProduct[39m[]) {[0m
[0m [90m  7 |[39m   [36mif[39m ([33m![39mproducts[[35m0[39m][33m.[39mwaittingTicketsNumber) {[0m
[0m[31m[1m>[22m[39m[90m  8 |[39m     [36mreturn[39m [36mawait[39m serverClient[33m.[39mapi[33m.[39mwaitting[33m.[39mcreate({ total[33m,[39m products })[33m;[39m[0m
[0m [90m    |[39m                                                            [31m[1m^[22m[39m[0m
[0m [90m  9 |[39m   } [36melse[39m {[0m
[0m [90m 10 |[39m     [36mreturn[39m [36mawait[39m serverClient[33m.[39mapi[33m.[39mwaitting[33m.[39mupdate({ total[33m,[39m products })[33m;[39m[0m
[0m [90m 11 |[39m   }[0m
 ELIFECYCLE  Command failed with exit code 1.
